Exception at PC 0x00007FFCC278A388
Unable to capture context for thread 16096 in process 4372, can not generate back trace
Unable to capture context for thread 17896 in process 4372, can not generate back trace
Unable to capture context for thread 9032 in process 4372, can not generate back trace
Exception at PC 0x00007FFCC278A388
Unable to capture context for thread 9032 in process 4372, can not generate back trace
Exception at PC 0x00007FFC4F70BB93
Printing stacktrace...

Exception at PC 0x00007FFCC278A388
Exception at PC 0x00007FFCC278A388
Exception at PC 0x00007FFCC278A388
Exception at PC 0x00007FFCC278A388
Exception at PC 0x00007FFCC278A388
Exception at PC 0x00007FFCC278A388
Exception at PC 0x00007FFCC278A388
Exception at PC 0x00007FFCC278A388
Exception at PC 0x00007FFCC278A388
Exception at PC 0x00007FFCC278A388
Exception at PC 0x00007FFCC278A388
Exception at PC 0x00007FFCC278A388
Exception at PC 0x00007FFCC278A388
Exception at PC 0x00007FFCC278A388
Exception at PC 0x00007FFCC278A388
Exception at PC 0x00007FFCC278A388
[0]  [0x00007FFC4F70BB93]
[1]  [0x00007FFC4F70BB93]
[2]  [0x00007FFC4F70B4A1]
[3]  [0x00007FFC4F70B3EF]
[4]  [0x00007FFC4F6F19FE]
[5]  [0x00007FFC4F6F0ED1]
[6]  [0x00007FFC4F6F0D76]
[7]  [0x00007FFC4F6979F6]
[8]  [0x00007FFC4F687AFB]
[9]  [0x00007FFC4F7AE90A]
[10]  [0x00007FFC4F7C9F87]
[11]  [0x00007FFC4F7CA05F]
[12] (BaseThreadInitThunk+0x14) [0x00007FFCC3B04034]
[13] (RtlUserThreadStart+0x21) [0x00007FFCC57D3691]
Done
